node:internal/modules/cjs/loader:1215
  throw err;
  ^

Error: Cannot find module 'dotenv'
Require stack:
- /home/cgease97/public_html/backend/server.js
- /usr/local/lsws/fcgi-bin/lsnode.js
    at Module._resolveFilename (node:internal/modules/cjs/loader:1212:15)
    at Module._load (node:internal/modules/cjs/loader:1043:27)
    at Module.require (node:internal/modules/cjs/loader:1298:19)
    at require (node:internal/modules/helpers:182:18)
    at Object.<anonymous> (/home/cgease97/public_html/backend/server.js:1:1)
    at Module._compile (node:internal/modules/cjs/loader:1529:14)
    at Module._extensions..js (node:internal/modules/cjs/loader:1613:10)
    at Module.load (node:internal/modules/cjs/loader:1275:32)
    at Module._load (node:internal/modules/cjs/loader:1096:12)
    at Module.require (node:internal/modules/cjs/loader:1298:19) {
  code: 'MODULE_NOT_FOUND',
  requireStack: [
    '/home/cgease97/public_html/backend/server.js',
    '/usr/local/lsws/fcgi-bin/lsnode.js'
  ]
}

Node.js v20.19.3
/home/cgease97/nodevenv/public_html/backend/20/lib/node_modules/.prisma/client/default.js:43
    throw new Error('@prisma/client did not initialize yet. Please run "prisma generate" and try to import it again.');
    ^

Error: @prisma/client did not initialize yet. Please run "prisma generate" and try to import it again.
    at new PrismaClient (/home/cgease97/nodevenv/public_html/backend/20/lib/node_modules/.prisma/client/default.js:43:11)
    at Object.<anonymous> (/home/cgease97/public_html/backend/src/config/database.js:3:16)
    at Module._compile (node:internal/modules/cjs/loader:1529:14)
    at Module._extensions..js (node:internal/modules/cjs/loader:1613:10)
    at Module.load (node:internal/modules/cjs/loader:1275:32)
    at Module._load (node:internal/modules/cjs/loader:1096:12)
    at Module.require (node:internal/modules/cjs/loader:1298:19)
    at require (node:internal/modules/helpers:182:18)
    at Object.<anonymous> (/home/cgease97/public_html/backend/src/controllers/auth.controller.js:1:16)
    at Module._compile (node:internal/modules/cjs/loader:1529:14)

Node.js v20.19.3
/home/cgease97/nodevenv/public_html/backend/20/lib/node_modules/.prisma/client/default.js:43
    throw new Error('@prisma/client did not initialize yet. Please run "prisma generate" and try to import it again.');
    ^

Error: @prisma/client did not initialize yet. Please run "prisma generate" and try to import it again.
    at new PrismaClient (/home/cgease97/nodevenv/public_html/backend/20/lib/node_modules/.prisma/client/default.js:43:11)
    at Object.<anonymous> (/home/cgease97/public_html/backend/src/config/database.js:3:16)
    at Module._compile (node:internal/modules/cjs/loader:1529:14)
    at Module._extensions..js (node:internal/modules/cjs/loader:1613:10)
    at Module.load (node:internal/modules/cjs/loader:1275:32)
    at Module._load (node:internal/modules/cjs/loader:1096:12)
    at Module.require (node:internal/modules/cjs/loader:1298:19)
    at require (node:internal/modules/helpers:182:18)
    at Object.<anonymous> (/home/cgease97/public_html/backend/src/controllers/auth.controller.js:1:16)
    at Module._compile (node:internal/modules/cjs/loader:1529:14)

Node.js v20.19.3
/home/cgease97/nodevenv/public_html/backend/20/lib/node_modules/.prisma/client/default.js:43
    throw new Error('@prisma/client did not initialize yet. Please run "prisma generate" and try to import it again.');
    ^

Error: @prisma/client did not initialize yet. Please run "prisma generate" and try to import it again.
    at new PrismaClient (/home/cgease97/nodevenv/public_html/backend/20/lib/node_modules/.prisma/client/default.js:43:11)
    at Object.<anonymous> (/home/cgease97/public_html/backend/src/config/database.js:3:16)
    at Module._compile (node:internal/modules/cjs/loader:1529:14)
    at Module._extensions..js (node:internal/modules/cjs/loader:1613:10)
    at Module.load (node:internal/modules/cjs/loader:1275:32)
    at Module._load (node:internal/modules/cjs/loader:1096:12)
    at Module.require (node:internal/modules/cjs/loader:1298:19)
    at require (node:internal/modules/helpers:182:18)
    at Object.<anonymous> (/home/cgease97/public_html/backend/src/controllers/auth.controller.js:1:16)
    at Module._compile (node:internal/modules/cjs/loader:1529:14)

Node.js v20.19.3
/home/cgease97/nodevenv/public_html/backend/20/lib/node_modules/.prisma/client/default.js:43
    throw new Error('@prisma/client did not initialize yet. Please run "prisma generate" and try to import it again.');
    ^

Error: @prisma/client did not initialize yet. Please run "prisma generate" and try to import it again.
    at new PrismaClient (/home/cgease97/nodevenv/public_html/backend/20/lib/node_modules/.prisma/client/default.js:43:11)
    at Object.<anonymous> (/home/cgease97/public_html/backend/src/config/database.js:3:16)
    at Module._compile (node:internal/modules/cjs/loader:1529:14)
    at Module._extensions..js (node:internal/modules/cjs/loader:1613:10)
    at Module.load (node:internal/modules/cjs/loader:1275:32)
    at Module._load (node:internal/modules/cjs/loader:1096:12)
    at Module.require (node:internal/modules/cjs/loader:1298:19)
    at require (node:internal/modules/helpers:182:18)
    at Object.<anonymous> (/home/cgease97/public_html/backend/src/controllers/auth.controller.js:1:16)
    at Module._compile (node:internal/modules/cjs/loader:1529:14)

Node.js v20.19.3
/home/cgease97/nodevenv/public_html/backend/20/lib/node_modules/.prisma/client/default.js:43
    throw new Error('@prisma/client did not initialize yet. Please run "prisma generate" and try to import it again.');
    ^

Error: @prisma/client did not initialize yet. Please run "prisma generate" and try to import it again.
    at new PrismaClient (/home/cgease97/nodevenv/public_html/backend/20/lib/node_modules/.prisma/client/default.js:43:11)
    at Object.<anonymous> (/home/cgease97/public_html/backend/src/config/database.js:3:16)
    at Module._compile (node:internal/modules/cjs/loader:1529:14)
    at Module._extensions..js (node:internal/modules/cjs/loader:1613:10)
    at Module.load (node:internal/modules/cjs/loader:1275:32)
    at Module._load (node:internal/modules/cjs/loader:1096:12)
    at Module.require (node:internal/modules/cjs/loader:1298:19)
    at require (node:internal/modules/helpers:182:18)
    at Object.<anonymous> (/home/cgease97/public_html/backend/src/controllers/auth.controller.js:1:16)
    at Module._compile (node:internal/modules/cjs/loader:1529:14)

Node.js v20.19.3
/home/cgease97/nodevenv/public_html/backend/20/lib/node_modules/.prisma/client/default.js:43
    throw new Error('@prisma/client did not initialize yet. Please run "prisma generate" and try to import it again.');
    ^

Error: @prisma/client did not initialize yet. Please run "prisma generate" and try to import it again.
    at new PrismaClient (/home/cgease97/nodevenv/public_html/backend/20/lib/node_modules/.prisma/client/default.js:43:11)
    at Object.<anonymous> (/home/cgease97/public_html/backend/src/config/database.js:3:16)
    at Module._compile (node:internal/modules/cjs/loader:1529:14)
    at Module._extensions..js (node:internal/modules/cjs/loader:1613:10)
    at Module.load (node:internal/modules/cjs/loader:1275:32)
    at Module._load (node:internal/modules/cjs/loader:1096:12)
    at Module.require (node:internal/modules/cjs/loader:1298:19)
    at require (node:internal/modules/helpers:182:18)
    at Object.<anonymous> (/home/cgease97/public_html/backend/src/controllers/auth.controller.js:1:16)
    at Module._compile (node:internal/modules/cjs/loader:1529:14)

Node.js v20.19.3
ValidationError: The 'X-Forwarded-For' header is set but the Express 'trust proxy' setting is false (default). This could indicate a misconfiguration which would prevent express-rate-limit from accurately identifying users. See https://express-rate-limit.github.io/ERR_ERL_UNEXPECTED_X_FORWARDED_FOR/ for more information.
    at Object.xForwardedForHeader (/home/cgease97/nodevenv/public_html/backend/20/lib/node_modules/express-rate-limit/dist/index.cjs:185:13)
    at wrappedValidations.<computed> [as xForwardedForHeader] (/home/cgease97/nodevenv/public_html/backend/20/lib/node_modules/express-rate-limit/dist/index.cjs:397:22)
    at Object.keyGenerator (/home/cgease97/nodevenv/public_html/backend/20/lib/node_modules/express-rate-limit/dist/index.cjs:658:20)
    at /home/cgease97/nodevenv/public_html/backend/20/lib/node_modules/express-rate-limit/dist/index.cjs:710:32
    at process.processTicksAndRejections (node:internal/process/task_queues:95:5)
    at async /home/cgease97/nodevenv/public_html/backend/20/lib/node_modules/express-rate-limit/dist/index.cjs:691:5 {
  code: 'ERR_ERL_UNEXPECTED_X_FORWARDED_FOR',
  help: 'https://express-rate-limit.github.io/ERR_ERL_UNEXPECTED_X_FORWARDED_FOR/'
}
ValidationError: The 'X-Forwarded-For' header is set but the Express 'trust proxy' setting is false (default). This could indicate a misconfiguration which would prevent express-rate-limit from accurately identifying users. See https://express-rate-limit.github.io/ERR_ERL_UNEXPECTED_X_FORWARDED_FOR/ for more information.
    at Object.xForwardedForHeader (/home/cgease97/nodevenv/public_html/backend/20/lib/node_modules/express-rate-limit/dist/index.cjs:185:13)
    at wrappedValidations.<computed> [as xForwardedForHeader] (/home/cgease97/nodevenv/public_html/backend/20/lib/node_modules/express-rate-limit/dist/index.cjs:397:22)
    at Object.keyGenerator (/home/cgease97/nodevenv/public_html/backend/20/lib/node_modules/express-rate-limit/dist/index.cjs:658:20)
    at /home/cgease97/nodevenv/public_html/backend/20/lib/node_modules/express-rate-limit/dist/index.cjs:710:32
    at process.processTicksAndRejections (node:internal/process/task_queues:95:5)
    at async /home/cgease97/nodevenv/public_html/backend/20/lib/node_modules/express-rate-limit/dist/index.cjs:691:5 {
  code: 'ERR_ERL_UNEXPECTED_X_FORWARDED_FOR',
  help: 'https://express-rate-limit.github.io/ERR_ERL_UNEXPECTED_X_FORWARDED_FOR/'
}
ValidationError: The 'X-Forwarded-For' header is set but the Express 'trust proxy' setting is false (default). This could indicate a misconfiguration which would prevent express-rate-limit from accurately identifying users. See https://express-rate-limit.github.io/ERR_ERL_UNEXPECTED_X_FORWARDED_FOR/ for more information.
    at Object.xForwardedForHeader (/home/cgease97/nodevenv/public_html/backend/20/lib/node_modules/express-rate-limit/dist/index.cjs:185:13)
    at wrappedValidations.<computed> [as xForwardedForHeader] (/home/cgease97/nodevenv/public_html/backend/20/lib/node_modules/express-rate-limit/dist/index.cjs:397:22)
    at Object.keyGenerator (/home/cgease97/nodevenv/public_html/backend/20/lib/node_modules/express-rate-limit/dist/index.cjs:658:20)
    at /home/cgease97/nodevenv/public_html/backend/20/lib/node_modules/express-rate-limit/dist/index.cjs:710:32
    at process.processTicksAndRejections (node:internal/process/task_queues:95:5)
    at async /home/cgease97/nodevenv/public_html/backend/20/lib/node_modules/express-rate-limit/dist/index.cjs:691:5 {
  code: 'ERR_ERL_UNEXPECTED_X_FORWARDED_FOR',
  help: 'https://express-rate-limit.github.io/ERR_ERL_UNEXPECTED_X_FORWARDED_FOR/'
}
Error: PrismaClientKnownRequestError: 
Invalid `prisma.product.findMany()` invocation in
/home/cgease97/public_html/backend/src/controllers/product.controller.js:101:22

   98 }
   99 
  100 const [products, total] = await Promise.all([
→ 101   prisma.product.findMany(
The table `product` does not exist in the current database.
    at $n.handleRequestError (/home/cgease97/nodevenv/public_html/backend/20/lib/node_modules/@prisma/client/runtime/library.js:121:7315)
    at $n.handleAndLogRequestError (/home/cgease97/nodevenv/public_html/backend/20/lib/node_modules/@prisma/client/runtime/library.js:121:6623)
    at $n.request (/home/cgease97/nodevenv/public_html/backend/20/lib/node_modules/@prisma/client/runtime/library.js:121:6307)
    at async l (/home/cgease97/nodevenv/public_html/backend/20/lib/node_modules/@prisma/client/runtime/library.js:130:9633)
    at async Promise.all (index 0)
    at async getProducts (/home/cgease97/public_html/backend/src/controllers/product.controller.js:100:31) {
  code: 'P2021',
  clientVersion: '5.22.0',
  meta: { modelName: 'Product', table: 'product' }
}
ValidationError: The 'X-Forwarded-For' header is set but the Express 'trust proxy' setting is false (default). This could indicate a misconfiguration which would prevent express-rate-limit from accurately identifying users. See https://express-rate-limit.github.io/ERR_ERL_UNEXPECTED_X_FORWARDED_FOR/ for more information.
    at Object.xForwardedForHeader (/home/cgease97/nodevenv/public_html/backend/20/lib/node_modules/express-rate-limit/dist/index.cjs:185:13)
    at wrappedValidations.<computed> [as xForwardedForHeader] (/home/cgease97/nodevenv/public_html/backend/20/lib/node_modules/express-rate-limit/dist/index.cjs:397:22)
    at Object.keyGenerator (/home/cgease97/nodevenv/public_html/backend/20/lib/node_modules/express-rate-limit/dist/index.cjs:658:20)
    at /home/cgease97/nodevenv/public_html/backend/20/lib/node_modules/express-rate-limit/dist/index.cjs:710:32
    at async /home/cgease97/nodevenv/public_html/backend/20/lib/node_modules/express-rate-limit/dist/index.cjs:691:5 {
  code: 'ERR_ERL_UNEXPECTED_X_FORWARDED_FOR',
  help: 'https://express-rate-limit.github.io/ERR_ERL_UNEXPECTED_X_FORWARDED_FOR/'
}
ValidationError: The 'X-Forwarded-For' header is set but the Express 'trust proxy' setting is false (default). This could indicate a misconfiguration which would prevent express-rate-limit from accurately identifying users. See https://express-rate-limit.github.io/ERR_ERL_UNEXPECTED_X_FORWARDED_FOR/ for more information.
    at Object.xForwardedForHeader (/home/cgease97/nodevenv/public_html/backend/20/lib/node_modules/express-rate-limit/dist/index.cjs:185:13)
    at wrappedValidations.<computed> [as xForwardedForHeader] (/home/cgease97/nodevenv/public_html/backend/20/lib/node_modules/express-rate-limit/dist/index.cjs:397:22)
    at Object.keyGenerator (/home/cgease97/nodevenv/public_html/backend/20/lib/node_modules/express-rate-limit/dist/index.cjs:658:20)
    at /home/cgease97/nodevenv/public_html/backend/20/lib/node_modules/express-rate-limit/dist/index.cjs:710:32
    at async /home/cgease97/nodevenv/public_html/backend/20/lib/node_modules/express-rate-limit/dist/index.cjs:691:5 {
  code: 'ERR_ERL_UNEXPECTED_X_FORWARDED_FOR',
  help: 'https://express-rate-limit.github.io/ERR_ERL_UNEXPECTED_X_FORWARDED_FOR/'
}
ValidationError: The 'X-Forwarded-For' header is set but the Express 'trust proxy' setting is false (default). This could indicate a misconfiguration which would prevent express-rate-limit from accurately identifying users. See https://express-rate-limit.github.io/ERR_ERL_UNEXPECTED_X_FORWARDED_FOR/ for more information.
    at Object.xForwardedForHeader (/home/cgease97/nodevenv/public_html/backend/20/lib/node_modules/express-rate-limit/dist/index.cjs:185:13)
    at wrappedValidations.<computed> [as xForwardedForHeader] (/home/cgease97/nodevenv/public_html/backend/20/lib/node_modules/express-rate-limit/dist/index.cjs:397:22)
    at Object.keyGenerator (/home/cgease97/nodevenv/public_html/backend/20/lib/node_modules/express-rate-limit/dist/index.cjs:658:20)
    at /home/cgease97/nodevenv/public_html/backend/20/lib/node_modules/express-rate-limit/dist/index.cjs:710:32
    at async /home/cgease97/nodevenv/public_html/backend/20/lib/node_modules/express-rate-limit/dist/index.cjs:691:5 {
  code: 'ERR_ERL_UNEXPECTED_X_FORWARDED_FOR',
  help: 'https://express-rate-limit.github.io/ERR_ERL_UNEXPECTED_X_FORWARDED_FOR/'
}
ValidationError: The 'X-Forwarded-For' header is set but the Express 'trust proxy' setting is false (default). This could indicate a misconfiguration which would prevent express-rate-limit from accurately identifying users. See https://express-rate-limit.github.io/ERR_ERL_UNEXPECTED_X_FORWARDED_FOR/ for more information.
    at Object.xForwardedForHeader (/home/cgease97/nodevenv/public_html/backend/20/lib/node_modules/express-rate-limit/dist/index.cjs:185:13)
    at wrappedValidations.<computed> [as xForwardedForHeader] (/home/cgease97/nodevenv/public_html/backend/20/lib/node_modules/express-rate-limit/dist/index.cjs:397:22)
    at Object.keyGenerator (/home/cgease97/nodevenv/public_html/backend/20/lib/node_modules/express-rate-limit/dist/index.cjs:658:20)
    at /home/cgease97/nodevenv/public_html/backend/20/lib/node_modules/express-rate-limit/dist/index.cjs:710:32
    at process.processTicksAndRejections (node:internal/process/task_queues:95:5)
    at async /home/cgease97/nodevenv/public_html/backend/20/lib/node_modules/express-rate-limit/dist/index.cjs:691:5 {
  code: 'ERR_ERL_UNEXPECTED_X_FORWARDED_FOR',
  help: 'https://express-rate-limit.github.io/ERR_ERL_UNEXPECTED_X_FORWARDED_FOR/'
}
ValidationError: The 'X-Forwarded-For' header is set but the Express 'trust proxy' setting is false (default). This could indicate a misconfiguration which would prevent express-rate-limit from accurately identifying users. See https://express-rate-limit.github.io/ERR_ERL_UNEXPECTED_X_FORWARDED_FOR/ for more information.
    at Object.xForwardedForHeader (/home/cgease97/nodevenv/public_html/backend/20/lib/node_modules/express-rate-limit/dist/index.cjs:185:13)
    at wrappedValidations.<computed> [as xForwardedForHeader] (/home/cgease97/nodevenv/public_html/backend/20/lib/node_modules/express-rate-limit/dist/index.cjs:397:22)
    at Object.keyGenerator (/home/cgease97/nodevenv/public_html/backend/20/lib/node_modules/express-rate-limit/dist/index.cjs:658:20)
    at /home/cgease97/nodevenv/public_html/backend/20/lib/node_modules/express-rate-limit/dist/index.cjs:710:32
    at process.processTicksAndRejections (node:internal/process/task_queues:95:5)
    at async /home/cgease97/nodevenv/public_html/backend/20/lib/node_modules/express-rate-limit/dist/index.cjs:691:5 {
  code: 'ERR_ERL_UNEXPECTED_X_FORWARDED_FOR',
  help: 'https://express-rate-limit.github.io/ERR_ERL_UNEXPECTED_X_FORWARDED_FOR/'
}
❌ Multer error: MulterError: Unexpected field
    at wrappedFileFilter (/home/cgease97/nodevenv/public_html/backend/20/lib/node_modules/multer/index.js:40:19)
    at Multipart.<anonymous> (/home/cgease97/nodevenv/public_html/backend/20/lib/node_modules/multer/lib/make-middleware.js:109:7)
    at Multipart.emit (node:events:524:28)
    at HeaderParser.cb (/home/cgease97/nodevenv/public_html/backend/20/lib/node_modules/busboy/lib/types/multipart.js:358:14)
    at HeaderParser.push (/home/cgease97/nodevenv/public_html/backend/20/lib/node_modules/busboy/lib/types/multipart.js:162:20)
    at SBMH.ssCb [as _cb] (/home/cgease97/nodevenv/public_html/backend/20/lib/node_modules/busboy/lib/types/multipart.js:394:37)
    at feed (/home/cgease97/nodevenv/public_html/backend/20/lib/node_modules/streamsearch/lib/sbmh.js:248:10)
    at SBMH.push (/home/cgease97/nodevenv/public_html/backend/20/lib/node_modules/streamsearch/lib/sbmh.js:104:16)
    at Multipart._write (/home/cgease97/nodevenv/public_html/backend/20/lib/node_modules/busboy/lib/types/multipart.js:567:19)
    at writeOrBuffer (node:internal/streams/writable:572:12) {
  code: 'LIMIT_UNEXPECTED_FILE',
  field: 'image    ',
  storageErrors: []
}
ValidationError: The 'X-Forwarded-For' header is set but the Express 'trust proxy' setting is false (default). This could indicate a misconfiguration which would prevent express-rate-limit from accurately identifying users. See https://express-rate-limit.github.io/ERR_ERL_UNEXPECTED_X_FORWARDED_FOR/ for more information.
    at Object.xForwardedForHeader (/home/cgease97/nodevenv/public_html/backend/20/lib/node_modules/express-rate-limit/dist/index.cjs:185:13)
    at wrappedValidations.<computed> [as xForwardedForHeader] (/home/cgease97/nodevenv/public_html/backend/20/lib/node_modules/express-rate-limit/dist/index.cjs:397:22)
    at Object.keyGenerator (/home/cgease97/nodevenv/public_html/backend/20/lib/node_modules/express-rate-limit/dist/index.cjs:658:20)
    at /home/cgease97/nodevenv/public_html/backend/20/lib/node_modules/express-rate-limit/dist/index.cjs:710:32
    at async /home/cgease97/nodevenv/public_html/backend/20/lib/node_modules/express-rate-limit/dist/index.cjs:691:5 {
  code: 'ERR_ERL_UNEXPECTED_X_FORWARDED_FOR',
  help: 'https://express-rate-limit.github.io/ERR_ERL_UNEXPECTED_X_FORWARDED_FOR/'
}
ValidationError: The 'X-Forwarded-For' header is set but the Express 'trust proxy' setting is false (default). This could indicate a misconfiguration which would prevent express-rate-limit from accurately identifying users. See https://express-rate-limit.github.io/ERR_ERL_UNEXPECTED_X_FORWARDED_FOR/ for more information.
    at Object.xForwardedForHeader (/home/cgease97/nodevenv/public_html/backend/20/lib/node_modules/express-rate-limit/dist/index.cjs:185:13)
    at wrappedValidations.<computed> [as xForwardedForHeader] (/home/cgease97/nodevenv/public_html/backend/20/lib/node_modules/express-rate-limit/dist/index.cjs:397:22)
    at Object.keyGenerator (/home/cgease97/nodevenv/public_html/backend/20/lib/node_modules/express-rate-limit/dist/index.cjs:658:20)
    at /home/cgease97/nodevenv/public_html/backend/20/lib/node_modules/express-rate-limit/dist/index.cjs:710:32
    at process.processTicksAndRejections (node:internal/process/task_queues:95:5)
    at async /home/cgease97/nodevenv/public_html/backend/20/lib/node_modules/express-rate-limit/dist/index.cjs:691:5 {
  code: 'ERR_ERL_UNEXPECTED_X_FORWARDED_FOR',
  help: 'https://express-rate-limit.github.io/ERR_ERL_UNEXPECTED_X_FORWARDED_FOR/'
}
ValidationError: The 'X-Forwarded-For' header is set but the Express 'trust proxy' setting is false (default). This could indicate a misconfiguration which would prevent express-rate-limit from accurately identifying users. See https://express-rate-limit.github.io/ERR_ERL_UNEXPECTED_X_FORWARDED_FOR/ for more information.
    at Object.xForwardedForHeader (/home/cgease97/nodevenv/public_html/backend/20/lib/node_modules/express-rate-limit/dist/index.cjs:185:13)
    at wrappedValidations.<computed> [as xForwardedForHeader] (/home/cgease97/nodevenv/public_html/backend/20/lib/node_modules/express-rate-limit/dist/index.cjs:397:22)
    at Object.keyGenerator (/home/cgease97/nodevenv/public_html/backend/20/lib/node_modules/express-rate-limit/dist/index.cjs:658:20)
    at /home/cgease97/nodevenv/public_html/backend/20/lib/node_modules/express-rate-limit/dist/index.cjs:710:32
    at process.processTicksAndRejections (node:internal/process/task_queues:95:5)
    at async /home/cgease97/nodevenv/public_html/backend/20/lib/node_modules/express-rate-limit/dist/index.cjs:691:5 {
  code: 'ERR_ERL_UNEXPECTED_X_FORWARDED_FOR',
  help: 'https://express-rate-limit.github.io/ERR_ERL_UNEXPECTED_X_FORWARDED_FOR/'
}
